# JRE version: Java(TM) SE Runtime Environment (8.0_112-b15) (build 1.8.0_112-b15)
# Java VM: Java HotSpot(TM) 64-Bit Server VM (25.112-b15 mixed mode windows-amd64 compressed oops)
Heap:
 PSYoungGen      total 60928K, used 3742K [0x00000000eb180000, 0x00000000f2200000, 0x0000000100000000)
  eden space 58880K, 6% used [0x00000000eb180000,0x00000000eb5278e8,0x00000000eeb00000)
  from space 2048K, 0% used [0x00000000eee80000,0x00000000eee80000,0x00000000ef080000)
  to   space 28160K, 0% used [0x00000000f0680000,0x00000000f0680000,0x00000000f2200000)
 ParOldGen       total 105984K, used 53174K [0x00000000c1400000, 0x00000000c7b80000, 0x00000000eb180000)
  object space 105984K, 50% used [0x00000000c1400000,0x00000000c47edb10,0x00000000c7b80000)
 Metaspace       used 13683K, capacity 13908K, committed 14208K, reserved 1062912K
  class space    used 1568K, capacity 1648K, committed 1664K, reserved 1048576K
GC Heap History (10 events):
Event: 1.792 GC heap before
{Heap before GC invocations=6 (full 0):
 PSYoungGen      total 35328K, used 33888K [0x00000000eb180000, 0x00000000ef480000, 0x0000000100000000)
  eden space 32768K, 100% used [0x00000000eb180000,0x00000000ed180000,0x00000000ed180000)
  from space 2560K, 43% used [0x00000000ed180000,0x00000000ed298020,0x00000000ed400000)
  to   space 1536K, 0% used [0x00000000ef300000,0x00000000ef300000,0x00000000ef480000)
 ParOldGen       total 44032K, used 26789K [0x00000000c1400000, 0x00000000c3f00000, 0x00000000eb180000)
  object space 44032K, 60% used [0x00000000c1400000,0x00000000c2e295c0,0x00000000c3f00000)
 Metaspace       used 7363K, capacity 7516K, committed 7680K, reserved 1056768K
  class space    used 854K, capacity 930K, committed 1024K, reserved 1048576K
Event: 1.794 GC heap after
Heap after GC invocations=6 (full 0):
 PSYoungGen      total 67072K, used 1152K [0x00000000eb180000, 0x00000000ef480000, 0x0000000100000000)
  eden space 65536K, 0% used [0x00000000eb180000,0x00000000eb180000,0x00000000ef180000)
  from space 1536K, 75% used [0x00000000ef300000,0x00000000ef420000,0x00000000ef480000)
  to   space 1536K, 0% used [0x00000000ef180000,0x00000000ef180000,0x00000000ef300000)
 ParOldGen       total 44032K, used 26789K [0x00000000c1400000, 0x00000000c3f00000, 0x00000000eb180000)
  object space 44032K, 60% used [0x00000000c1400000,0x00000000c2e295c0,0x00000000c3f00000)
 Metaspace       used 7363K, capacity 7516K, committed 7680K, reserved 1056768K
  class space    used 854K, capacity 930K, committed 1024K, reserved 1048576K
}
Event: 2.720 GC heap before
{Heap before GC invocations=7 (full 0):
 PSYoungGen      total 67072K, used 66688K [0x00000000eb180000, 0x00000000ef480000, 0x0000000100000000)
  eden space 65536K, 100% used [0x00000000eb180000,0x00000000ef180000,0x00000000ef180000)
  from space 1536K, 75% used [0x00000000ef300000,0x00000000ef420000,0x00000000ef480000)
  to   space 1536K, 0% used [0x00000000ef180000,0x00000000ef180000,0x00000000ef300000)
 ParOldGen       total 44032K, used 26789K [0x00000000c1400000, 0x00000000c3f00000, 0x00000000eb180000)
  object space 44032K, 60% used [0x00000000c1400000,0x00000000c2e295c0,0x00000000c3f00000)
 Metaspace       used 7363K, capacity 7516K, committed 7680K, reserved 1056768K
  class space    used 854K, capacity 930K, committed 1024K, reserved 1048576K
Event: 2.723 GC heap after
Heap after GC invocations=7 (full 0):
 PSYoungGen      total 63488K, used 96K [0x00000000eb180000, 0x00000000ef380000, 0x0000000100000000)
  eden space 62976K, 0% used [0x00000000eb180000,0x00000000eb180000,0x00000000eef00000)
  from space 512K, 18% used [0x00000000ef180000,0x00000000ef198000,0x00000000ef200000)
  to   space 1536K, 0% used [0x00000000ef200000,0x00000000ef200000,0x00000000ef380000)
 ParOldGen       total 44032K, used 27876K [0x00000000c1400000, 0x00000000c3f00000, 0x00000000eb180000)
  object space 44032K, 63% used [0x00000000c1400000,0x00000000c2f39070,0x00000000c3f00000)
 Metaspace       used 7363K, capacity 7516K, committed 7680K, reserved 1056768K
  class space    used 854K, capacity 930K, committed 1024K, reserved 1048576K
}
Event: 3.473 GC heap before
{Heap before GC invocations=8 (full 0):
 PSYoungGen      total 63488K, used 63072K [0x00000000eb180000, 0x00000000ef380000, 0x0000000100000000)
  eden space 62976K, 100% used [0x00000000eb180000,0x00000000eef00000,0x00000000eef00000)
  from space 512K, 18% used [0x00000000ef180000,0x00000000ef198000,0x00000000ef200000)
  to   space 1536K, 0% used [0x00000000ef200000,0x00000000ef200000,0x00000000ef380000)
 ParOldGen       total 44032K, used 27876K [0x00000000c1400000, 0x00000000c3f00000, 0x00000000eb180000)
  object space 44032K, 63% used [0x00000000c1400000,0x00000000c2f39070,0x00000000c3f00000)
 Metaspace       used 7363K, capacity 7516K, committed 7680K, reserved 1056768K
  class space    used 854K, capacity 930K, committed 1024K, reserved 1048576K
Event: 3.474 GC heap after
Heap after GC invocations=8 (full 0):
 PSYoungGen      total 61440K, used 32K [0x00000000eb180000, 0x00000000ef280000, 0x0000000100000000)
  eden space 60928K, 0% used [0x00000000eb180000,0x00000000eb180000,0x00000000eed00000)
  from space 512K, 6% used [0x00000000ef200000,0x00000000ef208000,0x00000000ef280000)
  to   space 2048K, 0% used [0x00000000eee80000,0x00000000eee80000,0x00000000ef080000)
 ParOldGen       total 44032K, used 27892K [0x00000000c1400000, 0x00000000c3f00000, 0x00000000eb180000)
  object space 44032K, 63% used [0x00000000c1400000,0x00000000c2f3d070,0x00000000c3f00000)
 Metaspace       used 7363K, capacity 7516K, committed 7680K, reserved 1056768K
  class space    used 854K, capacity 930K, committed 1024K, reserved 1048576K
}
Event: 5.991 GC heap before
{Heap before GC invocations=9 (full 0):
 PSYoungGen      total 61440K, used 60960K [0x00000000eb180000, 0x00000000ef280000, 0x0000000100000000)
  eden space 60928K, 100% used [0x00000000eb180000,0x00000000eed00000,0x00000000eed00000)
  from space 512K, 6% used [0x00000000ef200000,0x00000000ef208000,0x00000000ef280000)
  to   space 2048K, 0% used [0x00000000eee80000,0x00000000eee80000,0x00000000ef080000)
 ParOldGen       total 44032K, used 27892K [0x00000000c1400000, 0x00000000c3f00000, 0x00000000eb180000)
  object space 44032K, 63% used [0x00000000c1400000,0x00000000c2f3d070,0x00000000c3f00000)
 Metaspace       used 13393K, capacity 13620K, committed 13952K, reserved 1060864K
  class space    used 1535K, capacity 1616K, committed 1664K, reserved 1048576K
Event: 6.023 GC heap after
Heap after GC invocations=9 (full 0):
 PSYoungGen      total 60928K, used 2034K [0x00000000eb180000, 0x00000000f2200000, 0x0000000100000000)
  eden space 58880K, 0% used [0x00000000eb180000,0x00000000eb180000,0x00000000eeb00000)
  from space 2048K, 99% used [0x00000000eee80000,0x00000000ef07c8d0,0x00000000ef080000)
  to   space 28160K, 0% used [0x00000000f0680000,0x00000000f0680000,0x00000000f2200000)
 ParOldGen       total 107008K, used 92246K [0x00000000c1400000, 0x00000000c7c80000, 0x00000000eb180000)
  object space 107008K, 86% used [0x00000000c1400000,0x00000000c6e158c0,0x00000000c7c80000)
 Metaspace       used 13393K, capacity 13620K, committed 13952K, reserved 1060864K
  class space    used 1535K, capacity 1616K, committed 1664K, reserved 1048576K
}
Event: 6.023 GC heap before
{Heap before GC invocations=10 (full 1):
 PSYoungGen      total 60928K, used 2034K [0x00000000eb180000, 0x00000000f2200000, 0x0000000100000000)
  eden space 58880K, 0% used [0x00000000eb180000,0x00000000eb180000,0x00000000eeb00000)
  from space 2048K, 99% used [0x00000000eee80000,0x00000000ef07c8d0,0x00000000ef080000)
  to   space 28160K, 0% used [0x00000000f0680000,0x00000000f0680000,0x00000000f2200000)
 ParOldGen       total 107008K, used 92246K [0x00000000c1400000, 0x00000000c7c80000, 0x00000000eb180000)
  object space 107008K, 86% used [0x00000000c1400000,0x00000000c6e158c0,0x00000000c7c80000)
 Metaspace       used 13393K, capacity 13620K, committed 13952K, reserved 1060864K
  class space    used 1535K, capacity 1616K, committed 1664K, reserved 1048576K
Event: 6.054 GC heap after
Heap after GC invocations=10 (full 1):
 PSYoungGen      total 60928K, used 0K [0x00000000eb180000, 0x00000000f2200000, 0x0000000100000000)
  eden space 58880K, 0% used [0x00000000eb180000,0x00000000eb180000,0x00000000eeb00000)
  from space 2048K, 0% used [0x00000000eee80000,0x00000000eee80000,0x00000000ef080000)
  to   space 28160K, 0% used [0x00000000f0680000,0x00000000f0680000,0x00000000f2200000)
 ParOldGen       total 105984K, used 53174K [0x00000000c1400000, 0x00000000c7b80000, 0x00000000eb180000)
  object space 105984K, 50% used [0x00000000c1400000,0x00000000c47edb10,0x00000000c7b80000)
 Metaspace       used 13393K, capacity 13620K, committed 13952K, reserved 1060864K
  class space    used 1535K, capacity 1616K, committed 1664K, reserved 1048576K
}

