# JRE version: Java(TM) SE Runtime Environment (8.0_112-b15) (build 1.8.0_112-b15)
# Java VM: Java HotSpot(TM) 64-Bit Server VM (25.112-b15 mixed mode windows-amd64 compressed oops)
Heap:
 PSYoungGen      total 60928K, used 3759K [0x00000000eb180000, 0x00000000f2200000, 0x0000000100000000)
  eden space 58880K, 6% used [0x00000000eb180000,0x00000000eb52bf50,0x00000000eeb00000)
  from space 2048K, 0% used [0x00000000eee80000,0x00000000eee80000,0x00000000ef080000)
  to   space 28160K, 0% used [0x00000000f0680000,0x00000000f0680000,0x00000000f2200000)
 ParOldGen       total 107008K, used 53147K [0x00000000c1400000, 0x00000000c7c80000, 0x00000000eb180000)
  object space 107008K, 49% used [0x00000000c1400000,0x00000000c47e6f90,0x00000000c7c80000)
 Metaspace       used 13705K, capacity 13968K, committed 14208K, reserved 1062912K
  class space    used 1573K, capacity 1648K, committed 1664K, reserved 1048576K
GC Heap History (10 events):
Event: 1.985 GC heap before
{Heap before GC invocations=6 (full 0):
 PSYoungGen      total 35328K, used 33936K [0x00000000eb180000, 0x00000000ef480000, 0x0000000100000000)
  eden space 32768K, 100% used [0x00000000eb180000,0x00000000ed180000,0x00000000ed180000)
  from space 2560K, 45% used [0x00000000ed180000,0x00000000ed2a4010,0x00000000ed400000)
  to   space 1536K, 0% used [0x00000000ef300000,0x00000000ef300000,0x00000000ef480000)
 ParOldGen       total 44032K, used 26789K [0x00000000c1400000, 0x00000000c3f00000, 0x00000000eb180000)
  object space 44032K, 60% used [0x00000000c1400000,0x00000000c2e295c0,0x00000000c3f00000)
 Metaspace       used 7362K, capacity 7512K, committed 7680K, reserved 1056768K
  class space    used 854K, capacity 930K, committed 1024K, reserved 1048576K
Event: 1.988 GC heap after
Heap after GC invocations=6 (full 0):
 PSYoungGen      total 67072K, used 1136K [0x00000000eb180000, 0x00000000ef480000, 0x0000000100000000)
  eden space 65536K, 0% used [0x00000000eb180000,0x00000000eb180000,0x00000000ef180000)
  from space 1536K, 73% used [0x00000000ef300000,0x00000000ef41c010,0x00000000ef480000)
  to   space 1536K, 0% used [0x00000000ef180000,0x00000000ef180000,0x00000000ef300000)
 ParOldGen       total 44032K, used 26789K [0x00000000c1400000, 0x00000000c3f00000, 0x00000000eb180000)
  object space 44032K, 60% used [0x00000000c1400000,0x00000000c2e295c0,0x00000000c3f00000)
 Metaspace       used 7362K, capacity 7512K, committed 7680K, reserved 1056768K
  class space    used 854K, capacity 930K, committed 1024K, reserved 1048576K
}
Event: 2.770 GC heap before
{Heap before GC invocations=7 (full 0):
 PSYoungGen      total 67072K, used 66672K [0x00000000eb180000, 0x00000000ef480000, 0x0000000100000000)
  eden space 65536K, 100% used [0x00000000eb180000,0x00000000ef180000,0x00000000ef180000)
  from space 1536K, 73% used [0x00000000ef300000,0x00000000ef41c010,0x00000000ef480000)
  to   space 1536K, 0% used [0x00000000ef180000,0x00000000ef180000,0x00000000ef300000)
 ParOldGen       total 44032K, used 26789K [0x00000000c1400000, 0x00000000c3f00000, 0x00000000eb180000)
  object space 44032K, 60% used [0x00000000c1400000,0x00000000c2e295c0,0x00000000c3f00000)
 Metaspace       used 7362K, capacity 7512K, committed 7680K, reserved 1056768K
  class space    used 854K, capacity 930K, committed 1024K, reserved 1048576K
Event: 2.772 GC heap after
Heap after GC invocations=7 (full 0):
 PSYoungGen      total 63488K, used 96K [0x00000000eb180000, 0x00000000ef380000, 0x0000000100000000)
  eden space 62976K, 0% used [0x00000000eb180000,0x00000000eb180000,0x00000000eef00000)
  from space 512K, 18% used [0x00000000ef180000,0x00000000ef198000,0x00000000ef200000)
  to   space 1536K, 0% used [0x00000000ef200000,0x00000000ef200000,0x00000000ef380000)
 ParOldGen       total 44032K, used 27876K [0x00000000c1400000, 0x00000000c3f00000, 0x00000000eb180000)
  object space 44032K, 63% used [0x00000000c1400000,0x00000000c2f39388,0x00000000c3f00000)
 Metaspace       used 7362K, capacity 7512K, committed 7680K, reserved 1056768K
  class space    used 854K, capacity 930K, committed 1024K, reserved 1048576K
}
Event: 3.569 GC heap before
{Heap before GC invocations=8 (full 0):
 PSYoungGen      total 63488K, used 63072K [0x00000000eb180000, 0x00000000ef380000, 0x0000000100000000)
  eden space 62976K, 100% used [0x00000000eb180000,0x00000000eef00000,0x00000000eef00000)
  from space 512K, 18% used [0x00000000ef180000,0x00000000ef198000,0x00000000ef200000)
  to   space 1536K, 0% used [0x00000000ef200000,0x00000000ef200000,0x00000000ef380000)
 ParOldGen       total 44032K, used 27876K [0x00000000c1400000, 0x00000000c3f00000, 0x00000000eb180000)
  object space 44032K, 63% used [0x00000000c1400000,0x00000000c2f39388,0x00000000c3f00000)
 Metaspace       used 7362K, capacity 7512K, committed 7680K, reserved 1056768K
  class space    used 854K, capacity 930K, committed 1024K, reserved 1048576K
Event: 3.571 GC heap after
Heap after GC invocations=8 (full 0):
 PSYoungGen      total 61440K, used 64K [0x00000000eb180000, 0x00000000ef280000, 0x0000000100000000)
  eden space 60928K, 0% used [0x00000000eb180000,0x00000000eb180000,0x00000000eed00000)
  from space 512K, 12% used [0x00000000ef200000,0x00000000ef210000,0x00000000ef280000)
  to   space 2048K, 0% used [0x00000000eee80000,0x00000000eee80000,0x00000000ef080000)
 ParOldGen       total 44032K, used 27892K [0x00000000c1400000, 0x00000000c3f00000, 0x00000000eb180000)
  object space 44032K, 63% used [0x00000000c1400000,0x00000000c2f3d388,0x00000000c3f00000)
 Metaspace       used 7362K, capacity 7512K, committed 7680K, reserved 1056768K
  class space    used 854K, capacity 930K, committed 1024K, reserved 1048576K
}
Event: 6.761 GC heap before
{Heap before GC invocations=9 (full 0):
 PSYoungGen      total 61440K, used 60992K [0x00000000eb180000, 0x00000000ef280000, 0x0000000100000000)
  eden space 60928K, 100% used [0x00000000eb180000,0x00000000eed00000,0x00000000eed00000)
  from space 512K, 12% used [0x00000000ef200000,0x00000000ef210000,0x00000000ef280000)
  to   space 2048K, 0% used [0x00000000eee80000,0x00000000eee80000,0x00000000ef080000)
 ParOldGen       total 44032K, used 27892K [0x00000000c1400000, 0x00000000c3f00000, 0x00000000eb180000)
  object space 44032K, 63% used [0x00000000c1400000,0x00000000c2f3d388,0x00000000c3f00000)
 Metaspace       used 13414K, capacity 13680K, committed 13952K, reserved 1060864K
  class space    used 1540K, capacity 1616K, committed 1664K, reserved 1048576K
Event: 6.796 GC heap after
Heap after GC invocations=9 (full 0):
 PSYoungGen      total 60928K, used 2032K [0x00000000eb180000, 0x00000000f2200000, 0x0000000100000000)
  eden space 58880K, 0% used [0x00000000eb180000,0x00000000eb180000,0x00000000eeb00000)
  from space 2048K, 99% used [0x00000000eee80000,0x00000000ef07c010,0x00000000ef080000)
  to   space 28160K, 0% used [0x00000000f0680000,0x00000000f0680000,0x00000000f2200000)
 ParOldGen       total 107008K, used 92594K [0x00000000c1400000, 0x00000000c7c80000, 0x00000000eb180000)
  object space 107008K, 86% used [0x00000000c1400000,0x00000000c6e6c8a8,0x00000000c7c80000)
 Metaspace       used 13414K, capacity 13680K, committed 13952K, reserved 1060864K
  class space    used 1540K, capacity 1616K, committed 1664K, reserved 1048576K
}
Event: 6.796 GC heap before
{Heap before GC invocations=10 (full 1):
 PSYoungGen      total 60928K, used 2032K [0x00000000eb180000, 0x00000000f2200000, 0x0000000100000000)
  eden space 58880K, 0% used [0x00000000eb180000,0x00000000eb180000,0x00000000eeb00000)
  from space 2048K, 99% used [0x00000000eee80000,0x00000000ef07c010,0x00000000ef080000)
  to   space 28160K, 0% used [0x00000000f0680000,0x00000000f0680000,0x00000000f2200000)
 ParOldGen       total 107008K, used 92594K [0x00000000c1400000, 0x00000000c7c80000, 0x00000000eb180000)
  object space 107008K, 86% used [0x00000000c1400000,0x00000000c6e6c8a8,0x00000000c7c80000)
 Metaspace       used 13414K, capacity 13680K, committed 13952K, reserved 1060864K
  class space    used 1540K, capacity 1616K, committed 1664K, reserved 1048576K
Event: 6.834 GC heap after
Heap after GC invocations=10 (full 1):
 PSYoungGen      total 60928K, used 0K [0x00000000eb180000, 0x00000000f2200000, 0x0000000100000000)
  eden space 58880K, 0% used [0x00000000eb180000,0x00000000eb180000,0x00000000eeb00000)
  from space 2048K, 0% used [0x00000000eee80000,0x00000000eee80000,0x00000000ef080000)
  to   space 28160K, 0% used [0x00000000f0680000,0x00000000f0680000,0x00000000f2200000)
 ParOldGen       total 107008K, used 53147K [0x00000000c1400000, 0x00000000c7c80000, 0x00000000eb180000)
  object space 107008K, 49% used [0x00000000c1400000,0x00000000c47e6f90,0x00000000c7c80000)
 Metaspace       used 13414K, capacity 13680K, committed 13952K, reserved 1060864K
  class space    used 1540K, capacity 1616K, committed 1664K, reserved 1048576K
}

