# JRE version: Java(TM) SE Runtime Environment (8.0_121-b13) (build 1.8.0_121-b13)
# Java VM: Java HotSpot(TM) 64-Bit Server VM (25.121-b13 mixed mode windows-amd64 compressed oops)
Heap:
 PSYoungGen      total 60928K, used 3758K [0x00000000f5580000, 0x00000000fc600000, 0x0000000100000000)
  eden space 58880K, 6% used [0x00000000f5580000,0x00000000f592b810,0x00000000f8f00000)
  from space 2048K, 0% used [0x00000000f9280000,0x00000000f9280000,0x00000000f9480000)
  to   space 28160K, 0% used [0x00000000faa80000,0x00000000faa80000,0x00000000fc600000)
 ParOldGen       total 105984K, used 53279K [0x00000000e0000000, 0x00000000e6780000, 0x00000000f5580000)
  object space 105984K, 50% used [0x00000000e0000000,0x00000000e3407c68,0x00000000e6780000)
 Metaspace       used 14805K, capacity 15022K, committed 15232K, reserved 1062912K
  class space    used 1756K, capacity 1843K, committed 1920K, reserved 1048576K
GC Heap History (10 events):
Event: 1.375 GC heap before
{Heap before GC invocations=6 (full 0):
 PSYoungGen      total 35328K, used 33952K [0x00000000f5580000, 0x00000000f9880000, 0x0000000100000000)
  eden space 32768K, 100% used [0x00000000f5580000,0x00000000f7580000,0x00000000f7580000)
  from space 2560K, 46% used [0x00000000f7580000,0x00000000f76a8020,0x00000000f7800000)
  to   space 1536K, 0% used [0x00000000f9700000,0x00000000f9700000,0x00000000f9880000)
 ParOldGen       total 44032K, used 26789K [0x00000000e0000000, 0x00000000e2b00000, 0x00000000f5580000)
  object space 44032K, 60% used [0x00000000e0000000,0x00000000e1a295c0,0x00000000e2b00000)
 Metaspace       used 7434K, capacity 7652K, committed 7936K, reserved 1056768K
  class space    used 870K, capacity 930K, committed 1024K, reserved 1048576K
Event: 1.377 GC heap after
Heap after GC invocations=6 (full 0):
 PSYoungGen      total 67072K, used 1152K [0x00000000f5580000, 0x00000000f9880000, 0x0000000100000000)
  eden space 65536K, 0% used [0x00000000f5580000,0x00000000f5580000,0x00000000f9580000)
  from space 1536K, 75% used [0x00000000f9700000,0x00000000f9820020,0x00000000f9880000)
  to   space 1536K, 0% used [0x00000000f9580000,0x00000000f9580000,0x00000000f9700000)
 ParOldGen       total 44032K, used 26789K [0x00000000e0000000, 0x00000000e2b00000, 0x00000000f5580000)
  object space 44032K, 60% used [0x00000000e0000000,0x00000000e1a295c0,0x00000000e2b00000)
 Metaspace       used 7434K, capacity 7652K, committed 7936K, reserved 1056768K
  class space    used 870K, capacity 930K, committed 1024K, reserved 1048576K
}
Event: 1.898 GC heap before
{Heap before GC invocations=7 (full 0):
 PSYoungGen      total 67072K, used 66688K [0x00000000f5580000, 0x00000000f9880000, 0x0000000100000000)
  eden space 65536K, 100% used [0x00000000f5580000,0x00000000f9580000,0x00000000f9580000)
  from space 1536K, 75% used [0x00000000f9700000,0x00000000f9820020,0x00000000f9880000)
  to   space 1536K, 0% used [0x00000000f9580000,0x00000000f9580000,0x00000000f9700000)
 ParOldGen       total 44032K, used 26789K [0x00000000e0000000, 0x00000000e2b00000, 0x00000000f5580000)
  object space 44032K, 60% used [0x00000000e0000000,0x00000000e1a295c0,0x00000000e2b00000)
 Metaspace       used 7434K, capacity 7652K, committed 7936K, reserved 1056768K
  class space    used 870K, capacity 930K, committed 1024K, reserved 1048576K
Event: 1.900 GC heap after
Heap after GC invocations=7 (full 0):
 PSYoungGen      total 63488K, used 96K [0x00000000f5580000, 0x00000000f9780000, 0x0000000100000000)
  eden space 62976K, 0% used [0x00000000f5580000,0x00000000f5580000,0x00000000f9300000)
  from space 512K, 18% used [0x00000000f9580000,0x00000000f9598000,0x00000000f9600000)
  to   space 1536K, 0% used [0x00000000f9600000,0x00000000f9600000,0x00000000f9780000)
 ParOldGen       total 44032K, used 27880K [0x00000000e0000000, 0x00000000e2b00000, 0x00000000f5580000)
  object space 44032K, 63% used [0x00000000e0000000,0x00000000e1b3a060,0x00000000e2b00000)
 Metaspace       used 7434K, capacity 7652K, committed 7936K, reserved 1056768K
  class space    used 870K, capacity 930K, committed 1024K, reserved 1048576K
}
Event: 2.409 GC heap before
{Heap before GC invocations=8 (full 0):
 PSYoungGen      total 63488K, used 63072K [0x00000000f5580000, 0x00000000f9780000, 0x0000000100000000)
  eden space 62976K, 100% used [0x00000000f5580000,0x00000000f9300000,0x00000000f9300000)
  from space 512K, 18% used [0x00000000f9580000,0x00000000f9598000,0x00000000f9600000)
  to   space 1536K, 0% used [0x00000000f9600000,0x00000000f9600000,0x00000000f9780000)
 ParOldGen       total 44032K, used 27880K [0x00000000e0000000, 0x00000000e2b00000, 0x00000000f5580000)
  object space 44032K, 63% used [0x00000000e0000000,0x00000000e1b3a060,0x00000000e2b00000)
 Metaspace       used 7434K, capacity 7652K, committed 7936K, reserved 1056768K
  class space    used 870K, capacity 930K, committed 1024K, reserved 1048576K
Event: 2.409 GC heap after
Heap after GC invocations=8 (full 0):
 PSYoungGen      total 61440K, used 64K [0x00000000f5580000, 0x00000000f9680000, 0x0000000100000000)
  eden space 60928K, 0% used [0x00000000f5580000,0x00000000f5580000,0x00000000f9100000)
  from space 512K, 12% used [0x00000000f9600000,0x00000000f9610000,0x00000000f9680000)
  to   space 2048K, 0% used [0x00000000f9280000,0x00000000f9280000,0x00000000f9480000)
 ParOldGen       total 44032K, used 27896K [0x00000000e0000000, 0x00000000e2b00000, 0x00000000f5580000)
  object space 44032K, 63% used [0x00000000e0000000,0x00000000e1b3e060,0x00000000e2b00000)
 Metaspace       used 7434K, capacity 7652K, committed 7936K, reserved 1056768K
  class space    used 870K, capacity 930K, committed 1024K, reserved 1048576K
}
Event: 6.733 GC heap before
{Heap before GC invocations=9 (full 0):
 PSYoungGen      total 61440K, used 60992K [0x00000000f5580000, 0x00000000f9680000, 0x0000000100000000)
  eden space 60928K, 100% used [0x00000000f5580000,0x00000000f9100000,0x00000000f9100000)
  from space 512K, 12% used [0x00000000f9600000,0x00000000f9610000,0x00000000f9680000)
  to   space 2048K, 0% used [0x00000000f9280000,0x00000000f9280000,0x00000000f9480000)
 ParOldGen       total 44032K, used 27896K [0x00000000e0000000, 0x00000000e2b00000, 0x00000000f5580000)
  object space 44032K, 63% used [0x00000000e0000000,0x00000000e1b3e060,0x00000000e2b00000)
 Metaspace       used 14488K, capacity 14760K, committed 14976K, reserved 1062912K
  class space    used 1723K, capacity 1842K, committed 1920K, reserved 1048576K
Event: 6.761 GC heap after
Heap after GC invocations=9 (full 0):
 PSYoungGen      total 60928K, used 2048K [0x00000000f5580000, 0x00000000fc600000, 0x0000000100000000)
  eden space 58880K, 0% used [0x00000000f5580000,0x00000000f5580000,0x00000000f8f00000)
  from space 2048K, 100% used [0x00000000f9280000,0x00000000f9480000,0x00000000f9480000)
  to   space 28160K, 0% used [0x00000000faa80000,0x00000000faa80000,0x00000000fc600000)
 ParOldGen       total 107008K, used 92637K [0x00000000e0000000, 0x00000000e6880000, 0x00000000f5580000)
  object space 107008K, 86% used [0x00000000e0000000,0x00000000e5a777a0,0x00000000e6880000)
 Metaspace       used 14488K, capacity 14760K, committed 14976K, reserved 1062912K
  class space    used 1723K, capacity 1842K, committed 1920K, reserved 1048576K
}
Event: 6.761 GC heap before
{Heap before GC invocations=10 (full 1):
 PSYoungGen      total 60928K, used 2048K [0x00000000f5580000, 0x00000000fc600000, 0x0000000100000000)
  eden space 58880K, 0% used [0x00000000f5580000,0x00000000f5580000,0x00000000f8f00000)
  from space 2048K, 100% used [0x00000000f9280000,0x00000000f9480000,0x00000000f9480000)
  to   space 28160K, 0% used [0x00000000faa80000,0x00000000faa80000,0x00000000fc600000)
 ParOldGen       total 107008K, used 92637K [0x00000000e0000000, 0x00000000e6880000, 0x00000000f5580000)
  object space 107008K, 86% used [0x00000000e0000000,0x00000000e5a777a0,0x00000000e6880000)
 Metaspace       used 14488K, capacity 14760K, committed 14976K, reserved 1062912K
  class space    used 1723K, capacity 1842K, committed 1920K, reserved 1048576K
Event: 6.789 GC heap after
Heap after GC invocations=10 (full 1):
 PSYoungGen      total 60928K, used 0K [0x00000000f5580000, 0x00000000fc600000, 0x0000000100000000)
  eden space 58880K, 0% used [0x00000000f5580000,0x00000000f5580000,0x00000000f8f00000)
  from space 2048K, 0% used [0x00000000f9280000,0x00000000f9280000,0x00000000f9480000)
  to   space 28160K, 0% used [0x00000000faa80000,0x00000000faa80000,0x00000000fc600000)
 ParOldGen       total 105984K, used 53279K [0x00000000e0000000, 0x00000000e6780000, 0x00000000f5580000)
  object space 105984K, 50% used [0x00000000e0000000,0x00000000e3407c68,0x00000000e6780000)
 Metaspace       used 14488K, capacity 14760K, committed 14976K, reserved 1062912K
  class space    used 1723K, capacity 1842K, committed 1920K, reserved 1048576K
}

