# JRE version: Java(TM) SE Runtime Environment (8.0_112-b15) (build 1.8.0_112-b15)
# Java VM: Java HotSpot(TM) 64-Bit Server VM (25.112-b15 mixed mode windows-amd64 compressed oops)
Heap:
 PSYoungGen      total 63488K, used 60628K [0x00000000f5580000, 0x00000000fd780000, 0x0000000100000000)
  eden space 62976K, 96% used [0x00000000f5580000,0x00000000f90ad178,0x00000000f9300000)
  from space 512K, 6% used [0x00000000fd700000,0x00000000fd708000,0x00000000fd780000)
  to   space 2048K, 0% used [0x00000000fd380000,0x00000000fd380000,0x00000000fd580000)
 ParOldGen       total 44032K, used 27884K [0x00000000e0000000, 0x00000000e2b00000, 0x00000000f5580000)
  object space 44032K, 63% used [0x00000000e0000000,0x00000000e1b3b070,0x00000000e2b00000)
 Metaspace       used 14700K, capacity 14948K, committed 15232K, reserved 1062912K
  class space    used 1728K, capacity 1842K, committed 1920K, reserved 1048576K
GC Heap History (10 events):
Event: 1.598 GC heap before
{Heap before GC invocations=4 (full 0):
 PSYoungGen      total 18944K, used 17488K [0x00000000f5580000, 0x00000000f7a80000, 0x0000000100000000)
  eden space 16384K, 100% used [0x00000000f5580000,0x00000000f6580000,0x00000000f6580000)
  from space 2560K, 43% used [0x00000000f6580000,0x00000000f6694010,0x00000000f6800000)
  to   space 2560K, 0% used [0x00000000f7800000,0x00000000f7800000,0x00000000f7a80000)
 ParOldGen       total 44032K, used 26765K [0x00000000e0000000, 0x00000000e2b00000, 0x00000000f5580000)
  object space 44032K, 60% used [0x00000000e0000000,0x00000000e1a235c0,0x00000000e2b00000)
 Metaspace       used 7415K, capacity 7584K, committed 7680K, reserved 1056768K
  class space    used 870K, capacity 930K, committed 1024K, reserved 1048576K
Event: 1.608 GC heap after
Heap after GC invocations=4 (full 0):
 PSYoungGen      total 35328K, used 1088K [0x00000000f5580000, 0x00000000f7a80000, 0x0000000100000000)
  eden space 32768K, 0% used [0x00000000f5580000,0x00000000f5580000,0x00000000f7580000)
  from space 2560K, 42% used [0x00000000f7800000,0x00000000f7910020,0x00000000f7a80000)
  to   space 2560K, 0% used [0x00000000f7580000,0x00000000f7580000,0x00000000f7800000)
 ParOldGen       total 44032K, used 26773K [0x00000000e0000000, 0x00000000e2b00000, 0x00000000f5580000)
  object space 44032K, 60% used [0x00000000e0000000,0x00000000e1a255c0,0x00000000e2b00000)
 Metaspace       used 7415K, capacity 7584K, committed 7680K, reserved 1056768K
  class space    used 870K, capacity 930K, committed 1024K, reserved 1048576K
}
Event: 2.287 GC heap before
{Heap before GC invocations=5 (full 0):
 PSYoungGen      total 35328K, used 33856K [0x00000000f5580000, 0x00000000f7a80000, 0x0000000100000000)
  eden space 32768K, 100% used [0x00000000f5580000,0x00000000f7580000,0x00000000f7580000)
  from space 2560K, 42% used [0x00000000f7800000,0x00000000f7910020,0x00000000f7a80000)
  to   space 2560K, 0% used [0x00000000f7580000,0x00000000f7580000,0x00000000f7800000)
 ParOldGen       total 44032K, used 26773K [0x00000000e0000000, 0x00000000e2b00000, 0x00000000f5580000)
  object space 44032K, 60% used [0x00000000e0000000,0x00000000e1a255c0,0x00000000e2b00000)
 Metaspace       used 7416K, capacity 7584K, committed 7680K, reserved 1056768K
  class space    used 870K, capacity 930K, committed 1024K, reserved 1048576K
Event: 2.290 GC heap after
Heap after GC invocations=5 (full 0):
 PSYoungGen      total 35328K, used 1184K [0x00000000f5580000, 0x00000000f9880000, 0x0000000100000000)
  eden space 32768K, 0% used [0x00000000f5580000,0x00000000f5580000,0x00000000f7580000)
  from space 2560K, 46% used [0x00000000f7580000,0x00000000f76a8000,0x00000000f7800000)
  to   space 1536K, 0% used [0x00000000f9700000,0x00000000f9700000,0x00000000f9880000)
 ParOldGen       total 44032K, used 26781K [0x00000000e0000000, 0x00000000e2b00000, 0x00000000f5580000)
  object space 44032K, 60% used [0x00000000e0000000,0x00000000e1a275c0,0x00000000e2b00000)
 Metaspace       used 7416K, capacity 7584K, committed 7680K, reserved 1056768K
  class space    used 870K, capacity 930K, committed 1024K, reserved 1048576K
}
Event: 2.713 GC heap before
{Heap before GC invocations=6 (full 0):
 PSYoungGen      total 35328K, used 33952K [0x00000000f5580000, 0x00000000f9880000, 0x0000000100000000)
  eden space 32768K, 100% used [0x00000000f5580000,0x00000000f7580000,0x00000000f7580000)
  from space 2560K, 46% used [0x00000000f7580000,0x00000000f76a8000,0x00000000f7800000)
  to   space 1536K, 0% used [0x00000000f9700000,0x00000000f9700000,0x00000000f9880000)
 ParOldGen       total 44032K, used 26781K [0x00000000e0000000, 0x00000000e2b00000, 0x00000000f5580000)
  object space 44032K, 60% used [0x00000000e0000000,0x00000000e1a275c0,0x00000000e2b00000)
 Metaspace       used 7416K, capacity 7584K, committed 7680K, reserved 1056768K
  class space    used 870K, capacity 930K, committed 1024K, reserved 1048576K
Event: 2.716 GC heap after
Heap after GC invocations=6 (full 0):
 PSYoungGen      total 67072K, used 1152K [0x00000000f5580000, 0x00000000f9880000, 0x0000000100000000)
  eden space 65536K, 0% used [0x00000000f5580000,0x00000000f5580000,0x00000000f9580000)
  from space 1536K, 75% used [0x00000000f9700000,0x00000000f9820000,0x00000000f9880000)
  to   space 1536K, 0% used [0x00000000f9580000,0x00000000f9580000,0x00000000f9700000)
 ParOldGen       total 44032K, used 26781K [0x00000000e0000000, 0x00000000e2b00000, 0x00000000f5580000)
  object space 44032K, 60% used [0x00000000e0000000,0x00000000e1a275c0,0x00000000e2b00000)
 Metaspace       used 7416K, capacity 7584K, committed 7680K, reserved 1056768K
  class space    used 870K, capacity 930K, committed 1024K, reserved 1048576K
}
Event: 3.327 GC heap before
{Heap before GC invocations=7 (full 0):
 PSYoungGen      total 67072K, used 66688K [0x00000000f5580000, 0x00000000f9880000, 0x0000000100000000)
  eden space 65536K, 100% used [0x00000000f5580000,0x00000000f9580000,0x00000000f9580000)
  from space 1536K, 75% used [0x00000000f9700000,0x00000000f9820000,0x00000000f9880000)
  to   space 1536K, 0% used [0x00000000f9580000,0x00000000f9580000,0x00000000f9700000)
 ParOldGen       total 44032K, used 26781K [0x00000000e0000000, 0x00000000e2b00000, 0x00000000f5580000)
  object space 44032K, 60% used [0x00000000e0000000,0x00000000e1a275c0,0x00000000e2b00000)
 Metaspace       used 7416K, capacity 7584K, committed 7680K, reserved 1056768K
  class space    used 870K, capacity 930K, committed 1024K, reserved 1048576K
Event: 3.329 GC heap after
Heap after GC invocations=7 (full 0):
 PSYoungGen      total 67072K, used 96K [0x00000000f5580000, 0x00000000fd880000, 0x0000000100000000)
  eden space 65536K, 0% used [0x00000000f5580000,0x00000000f5580000,0x00000000f9580000)
  from space 1536K, 6% used [0x00000000f9580000,0x00000000f9598000,0x00000000f9700000)
  to   space 1536K, 0% used [0x00000000fd700000,0x00000000fd700000,0x00000000fd880000)
 ParOldGen       total 44032K, used 27868K [0x00000000e0000000, 0x00000000e2b00000, 0x00000000f5580000)
  object space 44032K, 63% used [0x00000000e0000000,0x00000000e1b37070,0x00000000e2b00000)
 Metaspace       used 7416K, capacity 7584K, committed 7680K, reserved 1056768K
  class space    used 870K, capacity 930K, committed 1024K, reserved 1048576K
}
Event: 4.030 GC heap before
{Heap before GC invocations=8 (full 0):
 PSYoungGen      total 67072K, used 65632K [0x00000000f5580000, 0x00000000fd880000, 0x0000000100000000)
  eden space 65536K, 100% used [0x00000000f5580000,0x00000000f9580000,0x00000000f9580000)
  from space 1536K, 6% used [0x00000000f9580000,0x00000000f9598000,0x00000000f9700000)
  to   space 1536K, 0% used [0x00000000fd700000,0x00000000fd700000,0x00000000fd880000)
 ParOldGen       total 44032K, used 27868K [0x00000000e0000000, 0x00000000e2b00000, 0x00000000f5580000)
  object space 44032K, 63% used [0x00000000e0000000,0x00000000e1b37070,0x00000000e2b00000)
 Metaspace       used 7416K, capacity 7584K, committed 7680K, reserved 1056768K
  class space    used 870K, capacity 930K, committed 1024K, reserved 1048576K
Event: 4.031 GC heap after
Heap after GC invocations=8 (full 0):
 PSYoungGen      total 63488K, used 32K [0x00000000f5580000, 0x00000000fd780000, 0x0000000100000000)
  eden space 62976K, 0% used [0x00000000f5580000,0x00000000f5580000,0x00000000f9300000)
  from space 512K, 6% used [0x00000000fd700000,0x00000000fd708000,0x00000000fd780000)
  to   space 2048K, 0% used [0x00000000fd380000,0x00000000fd380000,0x00000000fd580000)
 ParOldGen       total 44032K, used 27884K [0x00000000e0000000, 0x00000000e2b00000, 0x00000000f5580000)
  object space 44032K, 63% used [0x00000000e0000000,0x00000000e1b3b070,0x00000000e2b00000)
 Metaspace       used 7416K, capacity 7584K, committed 7680K, reserved 1056768K
  class space    used 870K, capacity 930K, committed 1024K, reserved 1048576K
}

