# JRE version: Java(TM) SE Runtime Environment (8.0_112-b15) (build 1.8.0_112-b15)
# Java VM: Java HotSpot(TM) 64-Bit Server VM (25.112-b15 mixed mode windows-amd64 compressed oops)
Heap:
 PSYoungGen      total 30208K, used 21831K [0x00000000eb180000, 0x00000000ed180000, 0x0000000100000000)
  eden space 28672K, 71% used [0x00000000eb180000,0x00000000ec561f00,0x00000000ecd80000)
  from space 1536K, 95% used [0x00000000ed000000,0x00000000ed170000,0x00000000ed180000)
  to   space 2048K, 0% used [0x00000000ecd80000,0x00000000ecd80000,0x00000000ecf80000)
 ParOldGen       total 65024K, used 48457K [0x00000000c1400000, 0x00000000c5380000, 0x00000000eb180000)
  object space 65024K, 74% used [0x00000000c1400000,0x00000000c4352568,0x00000000c5380000)
 Metaspace       used 14748K, capacity 15012K, committed 15232K, reserved 1062912K
  class space    used 1732K, capacity 1842K, committed 1920K, reserved 1048576K
GC Heap History (10 events):
Event: 2.151 GC heap before
{Heap before GC invocations=8 (full 0):
 PSYoungGen      total 32256K, used 31840K [0x00000000eb180000, 0x00000000ed380000, 0x0000000100000000)
  eden space 31744K, 100% used [0x00000000eb180000,0x00000000ed080000,0x00000000ed080000)
  from space 512K, 18% used [0x00000000ed180000,0x00000000ed198000,0x00000000ed200000)
  to   space 1536K, 0% used [0x00000000ed200000,0x00000000ed200000,0x00000000ed380000)
 ParOldGen       total 44032K, used 27884K [0x00000000c1400000, 0x00000000c3f00000, 0x00000000eb180000)
  object space 44032K, 63% used [0x00000000c1400000,0x00000000c2f3b388,0x00000000c3f00000)
 Metaspace       used 7407K, capacity 7580K, committed 7680K, reserved 1056768K
  class space    used 870K, capacity 930K, committed 1024K, reserved 1048576K
Event: 2.152 GC heap after
Heap after GC invocations=8 (full 0):
 PSYoungGen      total 31232K, used 64K [0x00000000eb180000, 0x00000000ed280000, 0x0000000100000000)
  eden space 30720K, 0% used [0x00000000eb180000,0x00000000eb180000,0x00000000ecf80000)
  from space 512K, 12% used [0x00000000ed200000,0x00000000ed210000,0x00000000ed280000)
  to   space 1536K, 0% used [0x00000000ecf80000,0x00000000ecf80000,0x00000000ed100000)
 ParOldGen       total 44032K, used 27908K [0x00000000c1400000, 0x00000000c3f00000, 0x00000000eb180000)
  object space 44032K, 63% used [0x00000000c1400000,0x00000000c2f41388,0x00000000c3f00000)
 Metaspace       used 7407K, capacity 7580K, committed 7680K, reserved 1056768K
  class space    used 870K, capacity 930K, committed 1024K, reserved 1048576K
}
Event: 2.452 GC heap before
{Heap before GC invocations=9 (full 0):
 PSYoungGen      total 31232K, used 30784K [0x00000000eb180000, 0x00000000ed280000, 0x0000000100000000)
  eden space 30720K, 100% used [0x00000000eb180000,0x00000000ecf80000,0x00000000ecf80000)
  from space 512K, 12% used [0x00000000ed200000,0x00000000ed210000,0x00000000ed280000)
  to   space 1536K, 0% used [0x00000000ecf80000,0x00000000ecf80000,0x00000000ed100000)
 ParOldGen       total 44032K, used 27908K [0x00000000c1400000, 0x00000000c3f00000, 0x00000000eb180000)
  object space 44032K, 63% used [0x00000000c1400000,0x00000000c2f41388,0x00000000c3f00000)
 Metaspace       used 7407K, capacity 7580K, committed 7680K, reserved 1056768K
  class space    used 870K, capacity 930K, committed 1024K, reserved 1048576K
Event: 2.453 GC heap after
Heap after GC invocations=9 (full 0):
 PSYoungGen      total 31744K, used 0K [0x00000000eb180000, 0x00000000ed300000, 0x0000000100000000)
  eden space 30208K, 0% used [0x00000000eb180000,0x00000000eb180000,0x00000000ecf00000)
  from space 1536K, 0% used [0x00000000ecf80000,0x00000000ecf80000,0x00000000ed100000)
  to   space 2048K, 0% used [0x00000000ed100000,0x00000000ed100000,0x00000000ed300000)
 ParOldGen       total 44032K, used 27924K [0x00000000c1400000, 0x00000000c3f00000, 0x00000000eb180000)
  object space 44032K, 63% used [0x00000000c1400000,0x00000000c2f45388,0x00000000c3f00000)
 Metaspace       used 7407K, capacity 7580K, committed 7680K, reserved 1056768K
  class space    used 870K, capacity 930K, committed 1024K, reserved 1048576K
}
Event: 2.787 GC heap before
{Heap before GC invocations=10 (full 0):
 PSYoungGen      total 31744K, used 30208K [0x00000000eb180000, 0x00000000ed300000, 0x0000000100000000)
  eden space 30208K, 100% used [0x00000000eb180000,0x00000000ecf00000,0x00000000ecf00000)
  from space 1536K, 0% used [0x00000000ecf80000,0x00000000ecf80000,0x00000000ed100000)
  to   space 2048K, 0% used [0x00000000ed100000,0x00000000ed100000,0x00000000ed300000)
 ParOldGen       total 44032K, used 27924K [0x00000000c1400000, 0x00000000c3f00000, 0x00000000eb180000)
  object space 44032K, 63% used [0x00000000c1400000,0x00000000c2f45388,0x00000000c3f00000)
 Metaspace       used 7407K, capacity 7580K, committed 7680K, reserved 1056768K
  class space    used 870K, capacity 930K, committed 1024K, reserved 1048576K
Event: 2.788 GC heap after
Heap after GC invocations=10 (full 0):
 PSYoungGen      total 31232K, used 0K [0x00000000eb180000, 0x00000000ed280000, 0x0000000100000000)
  eden space 29696K, 0% used [0x00000000eb180000,0x00000000eb180000,0x00000000ece80000)
  from space 1536K, 0% used [0x00000000ed100000,0x00000000ed100000,0x00000000ed280000)
  to   space 2048K, 0% used [0x00000000ece80000,0x00000000ece80000,0x00000000ed080000)
 ParOldGen       total 44032K, used 27924K [0x00000000c1400000, 0x00000000c3f00000, 0x00000000eb180000)
  object space 44032K, 63% used [0x00000000c1400000,0x00000000c2f45388,0x00000000c3f00000)
 Metaspace       used 7407K, capacity 7580K, committed 7680K, reserved 1056768K
  class space    used 870K, capacity 930K, committed 1024K, reserved 1048576K
}
Event: 3.166 GC heap before
{Heap before GC invocations=11 (full 0):
 PSYoungGen      total 31232K, used 29696K [0x00000000eb180000, 0x00000000ed280000, 0x0000000100000000)
  eden space 29696K, 100% used [0x00000000eb180000,0x00000000ece80000,0x00000000ece80000)
  from space 1536K, 0% used [0x00000000ed100000,0x00000000ed100000,0x00000000ed280000)
  to   space 2048K, 0% used [0x00000000ece80000,0x00000000ece80000,0x00000000ed080000)
 ParOldGen       total 44032K, used 27924K [0x00000000c1400000, 0x00000000c3f00000, 0x00000000eb180000)
  object space 44032K, 63% used [0x00000000c1400000,0x00000000c2f45388,0x00000000c3f00000)
 Metaspace       used 7407K, capacity 7580K, committed 7680K, reserved 1056768K
  class space    used 870K, capacity 930K, committed 1024K, reserved 1048576K
Event: 3.167 GC heap after
Heap after GC invocations=11 (full 0):
 PSYoungGen      total 29696K, used 0K [0x00000000eb180000, 0x00000000ed200000, 0x0000000100000000)
  eden space 29184K, 0% used [0x00000000eb180000,0x00000000eb180000,0x00000000ece00000)
  from space 512K, 0% used [0x00000000ece80000,0x00000000ece80000,0x00000000ecf00000)
  to   space 2048K, 0% used [0x00000000ed000000,0x00000000ed000000,0x00000000ed200000)
 ParOldGen       total 44032K, used 27924K [0x00000000c1400000, 0x00000000c3f00000, 0x00000000eb180000)
  object space 44032K, 63% used [0x00000000c1400000,0x00000000c2f45388,0x00000000c3f00000)
 Metaspace       used 7407K, capacity 7580K, committed 7680K, reserved 1056768K
  class space    used 870K, capacity 930K, committed 1024K, reserved 1048576K
}
Event: 3.888 GC heap before
{Heap before GC invocations=12 (full 0):
 PSYoungGen      total 29696K, used 29184K [0x00000000eb180000, 0x00000000ed200000, 0x0000000100000000)
  eden space 29184K, 100% used [0x00000000eb180000,0x00000000ece00000,0x00000000ece00000)
  from space 512K, 0% used [0x00000000ece80000,0x00000000ece80000,0x00000000ecf00000)
  to   space 2048K, 0% used [0x00000000ed000000,0x00000000ed000000,0x00000000ed200000)
 ParOldGen       total 65024K, used 48430K [0x00000000c1400000, 0x00000000c5380000, 0x00000000eb180000)
  object space 65024K, 74% used [0x00000000c1400000,0x00000000c434b918,0x00000000c5380000)
 Metaspace       used 9056K, capacity 9256K, committed 9344K, reserved 1056768K
  class space    used 1068K, capacity 1124K, committed 1152K, reserved 1048576K
Event: 3.891 GC heap after
Heap after GC invocations=12 (full 0):
 PSYoungGen      total 30208K, used 1472K [0x00000000eb180000, 0x00000000ed180000, 0x0000000100000000)
  eden space 28672K, 0% used [0x00000000eb180000,0x00000000eb180000,0x00000000ecd80000)
  from space 1536K, 95% used [0x00000000ed000000,0x00000000ed170000,0x00000000ed180000)
  to   space 2048K, 0% used [0x00000000ecd80000,0x00000000ecd80000,0x00000000ecf80000)
 ParOldGen       total 65024K, used 48457K [0x00000000c1400000, 0x00000000c5380000, 0x00000000eb180000)
  object space 65024K, 74% used [0x00000000c1400000,0x00000000c4352568,0x00000000c5380000)
 Metaspace       used 9056K, capacity 9256K, committed 9344K, reserved 1056768K
  class space    used 1068K, capacity 1124K, committed 1152K, reserved 1048576K
}

