# JRE version: Java(TM) SE Runtime Environment (8.0_112-b15) (build 1.8.0_112-b15)
# Java VM: Java HotSpot(TM) 64-Bit Server VM (25.112-b15 mixed mode windows-amd64 compressed oops)
Heap:
 PSYoungGen      total 31232K, used 18222K [0x00000000eb180000, 0x00000000ef200000, 0x0000000100000000)
  eden space 29184K, 56% used [0x00000000eb180000,0x00000000ec197978,0x00000000ece00000)
  from space 2048K, 85% used [0x00000000ef000000,0x00000000ef1b4010,0x00000000ef200000)
  to   space 2560K, 0% used [0x00000000eed00000,0x00000000eed00000,0x00000000eef80000)
 ParOldGen       total 65024K, used 48480K [0x00000000c1400000, 0x00000000c5380000, 0x00000000eb180000)
  object space 65024K, 74% used [0x00000000c1400000,0x00000000c4358110,0x00000000c5380000)
 Metaspace       used 14629K, capacity 14962K, committed 15232K, reserved 1062912K
  class space    used 1738K, capacity 1848K, committed 1920K, reserved 1048576K
GC Heap History (10 events):
Event: 3.591 GC heap before
{Heap before GC invocations=8 (full 0):
 PSYoungGen      total 34304K, used 32864K [0x00000000eb180000, 0x00000000ef480000, 0x0000000100000000)
  eden space 32768K, 100% used [0x00000000eb180000,0x00000000ed180000,0x00000000ed180000)
  from space 1536K, 6% used [0x00000000ed180000,0x00000000ed198000,0x00000000ed300000)
  to   space 1536K, 0% used [0x00000000ef300000,0x00000000ef300000,0x00000000ef480000)
 ParOldGen       total 44032K, used 27915K [0x00000000c1400000, 0x00000000c3f00000, 0x00000000eb180000)
  object space 44032K, 63% used [0x00000000c1400000,0x00000000c2f42f30,0x00000000c3f00000)
 Metaspace       used 7567K, capacity 7726K, committed 7936K, reserved 1056768K
  class space    used 880K, capacity 936K, committed 1024K, reserved 1048576K
Event: 3.592 GC heap after
Heap after GC invocations=8 (full 0):
 PSYoungGen      total 32256K, used 32K [0x00000000eb180000, 0x00000000ef380000, 0x0000000100000000)
  eden space 31744K, 0% used [0x00000000eb180000,0x00000000eb180000,0x00000000ed080000)
  from space 512K, 6% used [0x00000000ef300000,0x00000000ef308000,0x00000000ef380000)
  to   space 2048K, 0% used [0x00000000eef80000,0x00000000eef80000,0x00000000ef180000)
 ParOldGen       total 44032K, used 27939K [0x00000000c1400000, 0x00000000c3f00000, 0x00000000eb180000)
  object space 44032K, 63% used [0x00000000c1400000,0x00000000c2f48f30,0x00000000c3f00000)
 Metaspace       used 7567K, capacity 7726K, committed 7936K, reserved 1056768K
  class space    used 880K, capacity 936K, committed 1024K, reserved 1048576K
}
Event: 3.879 GC heap before
{Heap before GC invocations=9 (full 0):
 PSYoungGen      total 32256K, used 31776K [0x00000000eb180000, 0x00000000ef380000, 0x0000000100000000)
  eden space 31744K, 100% used [0x00000000eb180000,0x00000000ed080000,0x00000000ed080000)
  from space 512K, 6% used [0x00000000ef300000,0x00000000ef308000,0x00000000ef380000)
  to   space 2048K, 0% used [0x00000000eef80000,0x00000000eef80000,0x00000000ef180000)
 ParOldGen       total 44032K, used 27939K [0x00000000c1400000, 0x00000000c3f00000, 0x00000000eb180000)
  object space 44032K, 63% used [0x00000000c1400000,0x00000000c2f48f30,0x00000000c3f00000)
 Metaspace       used 7567K, capacity 7726K, committed 7936K, reserved 1056768K
  class space    used 880K, capacity 936K, committed 1024K, reserved 1048576K
Event: 3.879 GC heap after
Heap after GC invocations=9 (full 0):
 PSYoungGen      total 32768K, used 0K [0x00000000eb180000, 0x00000000ef380000, 0x0000000100000000)
  eden space 30720K, 0% used [0x00000000eb180000,0x00000000eb180000,0x00000000ecf80000)
  from space 2048K, 0% used [0x00000000eef80000,0x00000000eef80000,0x00000000ef180000)
  to   space 2048K, 0% used [0x00000000ef180000,0x00000000ef180000,0x00000000ef380000)
 ParOldGen       total 44032K, used 27947K [0x00000000c1400000, 0x00000000c3f00000, 0x00000000eb180000)
  object space 44032K, 63% used [0x00000000c1400000,0x00000000c2f4af30,0x00000000c3f00000)
 Metaspace       used 7567K, capacity 7726K, committed 7936K, reserved 1056768K
  class space    used 880K, capacity 936K, committed 1024K, reserved 1048576K
}
Event: 4.189 GC heap before
{Heap before GC invocations=10 (full 0):
 PSYoungGen      total 32768K, used 30720K [0x00000000eb180000, 0x00000000ef380000, 0x0000000100000000)
  eden space 30720K, 100% used [0x00000000eb180000,0x00000000ecf80000,0x00000000ecf80000)
  from space 2048K, 0% used [0x00000000eef80000,0x00000000eef80000,0x00000000ef180000)
  to   space 2048K, 0% used [0x00000000ef180000,0x00000000ef180000,0x00000000ef380000)
 ParOldGen       total 44032K, used 27947K [0x00000000c1400000, 0x00000000c3f00000, 0x00000000eb180000)
  object space 44032K, 63% used [0x00000000c1400000,0x00000000c2f4af30,0x00000000c3f00000)
 Metaspace       used 7567K, capacity 7726K, committed 7936K, reserved 1056768K
  class space    used 880K, capacity 936K, committed 1024K, reserved 1048576K
Event: 4.190 GC heap after
Heap after GC invocations=10 (full 0):
 PSYoungGen      total 30720K, used 0K [0x00000000eb180000, 0x00000000ef200000, 0x0000000100000000)
  eden space 30208K, 0% used [0x00000000eb180000,0x00000000eb180000,0x00000000ecf00000)
  from space 512K, 0% used [0x00000000ef180000,0x00000000ef180000,0x00000000ef200000)
  to   space 2048K, 0% used [0x00000000eee00000,0x00000000eee00000,0x00000000ef000000)
 ParOldGen       total 44032K, used 27947K [0x00000000c1400000, 0x00000000c3f00000, 0x00000000eb180000)
  object space 44032K, 63% used [0x00000000c1400000,0x00000000c2f4af30,0x00000000c3f00000)
 Metaspace       used 7567K, capacity 7726K, committed 7936K, reserved 1056768K
  class space    used 880K, capacity 936K, committed 1024K, reserved 1048576K
}
Event: 4.511 GC heap before
{Heap before GC invocations=11 (full 0):
 PSYoungGen      total 30720K, used 30208K [0x00000000eb180000, 0x00000000ef200000, 0x0000000100000000)
  eden space 30208K, 100% used [0x00000000eb180000,0x00000000ecf00000,0x00000000ecf00000)
  from space 512K, 0% used [0x00000000ef180000,0x00000000ef180000,0x00000000ef200000)
  to   space 2048K, 0% used [0x00000000eee00000,0x00000000eee00000,0x00000000ef000000)
 ParOldGen       total 44032K, used 27947K [0x00000000c1400000, 0x00000000c3f00000, 0x00000000eb180000)
  object space 44032K, 63% used [0x00000000c1400000,0x00000000c2f4af30,0x00000000c3f00000)
 Metaspace       used 7567K, capacity 7726K, committed 7936K, reserved 1056768K
  class space    used 880K, capacity 936K, committed 1024K, reserved 1048576K
Event: 4.512 GC heap after
Heap after GC invocations=11 (full 0):
 PSYoungGen      total 31744K, used 0K [0x00000000eb180000, 0x00000000ef200000, 0x0000000100000000)
  eden space 29696K, 0% used [0x00000000eb180000,0x00000000eb180000,0x00000000ece80000)
  from space 2048K, 0% used [0x00000000eee00000,0x00000000eee00000,0x00000000ef000000)
  to   space 2048K, 0% used [0x00000000ef000000,0x00000000ef000000,0x00000000ef200000)
 ParOldGen       total 44032K, used 27947K [0x00000000c1400000, 0x00000000c3f00000, 0x00000000eb180000)
  object space 44032K, 63% used [0x00000000c1400000,0x00000000c2f4af30,0x00000000c3f00000)
 Metaspace       used 7567K, capacity 7726K, committed 7936K, reserved 1056768K
  class space    used 880K, capacity 936K, committed 1024K, reserved 1048576K
}
Event: 5.268 GC heap before
{Heap before GC invocations=12 (full 0):
 PSYoungGen      total 31744K, used 29696K [0x00000000eb180000, 0x00000000ef200000, 0x0000000100000000)
  eden space 29696K, 100% used [0x00000000eb180000,0x00000000ece80000,0x00000000ece80000)
  from space 2048K, 0% used [0x00000000eee00000,0x00000000eee00000,0x00000000ef000000)
  to   space 2048K, 0% used [0x00000000ef000000,0x00000000ef000000,0x00000000ef200000)
 ParOldGen       total 65024K, used 48453K [0x00000000c1400000, 0x00000000c5380000, 0x00000000eb180000)
  object space 65024K, 74% used [0x00000000c1400000,0x00000000c43514c0,0x00000000c5380000)
 Metaspace       used 9218K, capacity 9434K, committed 9728K, reserved 1058816K
  class space    used 1076K, capacity 1162K, committed 1280K, reserved 1048576K
Event: 5.277 GC heap after
Heap after GC invocations=12 (full 0):
 PSYoungGen      total 31232K, used 1744K [0x00000000eb180000, 0x00000000ef200000, 0x0000000100000000)
  eden space 29184K, 0% used [0x00000000eb180000,0x00000000eb180000,0x00000000ece00000)
  from space 2048K, 85% used [0x00000000ef000000,0x00000000ef1b4010,0x00000000ef200000)
  to   space 2560K, 0% used [0x00000000eed00000,0x00000000eed00000,0x00000000eef80000)
 ParOldGen       total 65024K, used 48480K [0x00000000c1400000, 0x00000000c5380000, 0x00000000eb180000)
  object space 65024K, 74% used [0x00000000c1400000,0x00000000c4358110,0x00000000c5380000)
 Metaspace       used 9218K, capacity 9434K, committed 9728K, reserved 1058816K
  class space    used 1076K, capacity 1162K, committed 1280K, reserved 1048576K
}

